<?xml version="1.0" encoding="UTF-8"?>
<testsuite xmlns:xsi="http://www.w3.org/2001/XMLSchema-instance" xsi:noNamespaceSchemaLocation="https://maven.apache.org/surefire/maven-surefire-plugin/xsd/surefire-test-report-3.0.xsd" version="3.0" name="ARLRuleParserTest" time="0.044" tests="2" errors="0" skipped="0" failures="0">
  <properties>
    <property name="sun.desktop" value="windows"/>
    <property name="awt.toolkit" value="sun.awt.windows.WToolkit"/>
    <property name="java.specification.version" value="11"/>
    <property name="sun.cpu.isalist" value="amd64"/>
    <property name="sun.jnu.encoding" value="Cp1252"/>
    <property name="java.class.path" value="C:\Users\boubouthiam.niang\workspace\bl\rbms\migration\JavaARLToDrlGithubEcoCIMaven\arl-to-drl-migration-maven\target\test-classes;C:\Users\boubouthiam.niang\workspace\bl\rbms\migration\JavaARLToDrlGithubEcoCIMaven\arl-to-drl-migration-maven\target\classes;C:\Users\boubouthiam.niang\.m2\repository\junit\junit\4.13.2\junit-4.13.2.jar;C:\Users\boubouthiam.niang\.m2\repository\org\hamcrest\hamcrest-core\1.3\hamcrest-core-1.3.jar;"/>
    <property name="java.vm.vendor" value="Oracle Corporation"/>
    <property name="sun.arch.data.model" value="64"/>
    <property name="user.variant" value=""/>
    <property name="java.vendor.url" value="https://openjdk.java.net/"/>
    <property name="user.timezone" value="Europe/Paris"/>
    <property name="java.vm.specification.version" value="11"/>
    <property name="os.name" value="Windows 11"/>
    <property name="sun.java.launcher" value="SUN_STANDARD"/>
    <property name="user.country" value="FR"/>
    <property name="sun.boot.library.path" value="C:\Users\boubouthiam.niang\Downloads\jdk-11.0.22_windows-x64_bin\jdk-11.0.22\bin"/>
    <property name="sun.java.command" value="C:\Users\boubouthiam.niang\AppData\Local\Temp\surefire9718372094523176888\surefirebooter-20240702224616362_3.jar C:\Users\boubouthiam.niang\AppData\Local\Temp\surefire9718372094523176888 2024-07-02T22-46-15_794-jvmRun1 surefire-20240702224616362_1tmp surefire_0-20240702224616362_2tmp"/>
    <property name="jdk.debug" value="release"/>
    <property name="surefire.test.class.path" value="C:\Users\boubouthiam.niang\workspace\bl\rbms\migration\JavaARLToDrlGithubEcoCIMaven\arl-to-drl-migration-maven\target\test-classes;C:\Users\boubouthiam.niang\workspace\bl\rbms\migration\JavaARLToDrlGithubEcoCIMaven\arl-to-drl-migration-maven\target\classes;C:\Users\boubouthiam.niang\.m2\repository\junit\junit\4.13.2\junit-4.13.2.jar;C:\Users\boubouthiam.niang\.m2\repository\org\hamcrest\hamcrest-core\1.3\hamcrest-core-1.3.jar;"/>
    <property name="sun.cpu.endian" value="little"/>
    <property name="user.home" value="C:\Users\boubouthiam.niang"/>
    <property name="user.language" value="fr"/>
    <property name="java.specification.vendor" value="Oracle Corporation"/>
    <property name="java.version.date" value="2024-01-16"/>
    <property name="java.home" value="C:\Users\boubouthiam.niang\Downloads\jdk-11.0.22_windows-x64_bin\jdk-11.0.22"/>
    <property name="file.separator" value="\"/>
    <property name="basedir" value="C:\Users\boubouthiam.niang\workspace\bl\rbms\migration\JavaARLToDrlGithubEcoCIMaven\arl-to-drl-migration-maven"/>
    <property name="java.vm.compressedOopsMode" value="Zero based"/>
    <property name="line.separator" value="&#10;"/>
    <property name="java.specification.name" value="Java Platform API Specification"/>
    <property name="java.vm.specification.vendor" value="Oracle Corporation"/>
    <property name="java.awt.graphicsenv" value="sun.awt.Win32GraphicsEnvironment"/>
    <property name="surefire.real.class.path" value="C:\Users\boubouthiam.niang\AppData\Local\Temp\surefire9718372094523176888\surefirebooter-20240702224616362_3.jar"/>
    <property name="user.script" value=""/>
    <property name="sun.management.compiler" value="HotSpot 64-Bit Tiered Compilers"/>
    <property name="java.runtime.version" value="11.0.22+9-LTS-219"/>
    <property name="user.name" value="BoubouThiam.NIANG"/>
    <property name="path.separator" value=";"/>
    <property name="os.version" value="10.0"/>
    <property name="java.runtime.name" value="Java(TM) SE Runtime Environment"/>
    <property name="file.encoding" value="Cp1252"/>
    <property name="java.vm.name" value="Java HotSpot(TM) 64-Bit Server VM"/>
    <property name="java.vendor.version" value="18.9"/>
    <property name="localRepository" value="C:\Users\boubouthiam.niang\.m2\repository"/>
    <property name="java.vendor.url.bug" value="https://bugreport.java.com/bugreport/"/>
    <property name="java.io.tmpdir" value="C:\Users\BOUBOU~1.NIA\AppData\Local\Temp\"/>
    <property name="java.version" value="11.0.22"/>
    <property name="user.dir" value="C:\Users\boubouthiam.niang\workspace\bl\rbms\migration\JavaARLToDrlGithubEcoCIMaven\arl-to-drl-migration-maven"/>
    <property name="os.arch" value="amd64"/>
    <property name="java.vm.specification.name" value="Java Virtual Machine Specification"/>
    <property name="java.awt.printerjob" value="sun.awt.windows.WPrinterJob"/>
    <property name="sun.os.patch.level" value=""/>
    <property name="java.library.path" value="C:\Users\boubouthiam.niang\Downloads\jdk-11.0.22_windows-x64_bin\jdk-11.0.22\bin;C:\windows\Sun\Java\bin;C:\windows\system32;C:\windows;C:\Program Files\Python312\Scripts\;C:\Program Files\Python312\;C:\Program Files\Common Files\Oracle\Java\javapath;C:\windows\system32;C:\windows;C:\windows\System32\Wbem;C:\windows\System32\WindowsPowerShell\v1.0\;C:\windows\System32\OpenSSH\;C:\Program Files\Git\cmd;C:\Program Files\apache-maven-3.9.7\bin;C:\Program Files\Microsoft VS Code\bin;C:\Users\boubouthiam.niang\Downloads\jdk-11.0.22_windows-x64_bin\jdk-11.0.22\bin;C:\Program Files\nodejs\;C:\Program Files\PuTTY\;C:\Users\boubouthiam.niang\AppData\Local\Microsoft\WindowsApps;C:\Users\boubouthiam.niang\AppData\Roaming\npm;."/>
    <property name="java.vendor" value="Oracle Corporation"/>
    <property name="java.vm.info" value="mixed mode"/>
    <property name="java.vm.version" value="11.0.22+9-LTS-219"/>
    <property name="java.specification.maintenance.version" value="2"/>
    <property name="sun.io.unicode.encoding" value="UnicodeLittle"/>
    <property name="java.class.version" value="55.0"/>
  </properties>
  <testcase name="testConvertARLToDRL" classname="ARLRuleParserTest" time="0.002"/>
  <testcase name="testParseARLRule" classname="ARLRuleParserTest" time="0.0"/>
</testsuite>